
Oct 05, 2024 16:39:06.96 NEW SESSION
Oct 05, 2024 16:39:06.96 [4944:3248:1005/163906.929:ERROR:registration_request.cc(291)] Registration response error message: DEPRECATED_ENDPOINT
Oct 05, 2024 16:39:11.47 Created TensorFlow Lite XNNPACK delegate for CPU.
Oct 05, 2024 16:39:11.63 Attempting to use a delegate that only supports static-sized tensors with a graph that has dynamic-sized tensors (tensor#141 is a dynamic-sized tensor).
Oct 05, 2024 16:39:32.84 [4944:3248:1005/163932.845:ERROR:registration_request.cc(291)] Registration response error message: DEPRECATED_ENDPOINT
Oct 05, 2024 16:40:13.83 [4944:3248:1005/164013.834:ERROR:registration_request.cc(291)] Registration response error message: DEPRECATED_ENDPOINT
Oct 05, 2024 16:41:58.56 [4944:3248:1005/164158.567:ERROR:registration_request.cc(291)] Registration response error message: DEPRECATED_ENDPOINT
Oct 05, 2024 16:45:23.54 [4944:3248:1005/164523.542:ERROR:registration_request.cc(291)] Registration response error message: DEPRECATED_ENDPOINT
Oct 05, 2024 16:52:44.98 [4944:3248:1005/165244.982:ERROR:registration_request.cc(291)] Registration response error message: DEPRECATED_ENDPOINT

Oct 10, 2024 15:08:27.87 NEW SESSION
Oct 10, 2024 15:08:27.87 [8316:6536:1010/150827.852:ERROR:registration_request.cc(291)] Registration response error message: DEPRECATED_ENDPOINT
Oct 10, 2024 15:08:30.77 Created TensorFlow Lite XNNPACK delegate for CPU.
Oct 10, 2024 15:08:30.88 Attempting to use a delegate that only supports static-sized tensors with a graph that has dynamic-sized tensors (tensor#141 is a dynamic-sized tensor).
Oct 10, 2024 15:08:57.76 [8316:6536:1010/150857.766:ERROR:registration_request.cc(291)] Registration response error message: DEPRECATED_ENDPOINT
Oct 10, 2024 15:09:43.80 [8316:6536:1010/150943.808:ERROR:registration_request.cc(291)] Registration response error message: DEPRECATED_ENDPOINT
Oct 10, 2024 15:11:23.95 [8316:6536:1010/151123.959:ERROR:registration_request.cc(291)] Registration response error message: DEPRECATED_ENDPOINT
Oct 10, 2024 15:14:49.25 [8316:6536:1010/151449.250:ERROR:registration_request.cc(291)] Registration response error message: DEPRECATED_ENDPOINT
Oct 10, 2024 15:20:22.60 [8316:6536:1010/152022.608:ERROR:registration_request.cc(291)] Registration response error message: DEPRECATED_ENDPOINT

Oct 10, 2024 15:06:02.82 NEW SESSION
Oct 10, 2024 15:06:02.82 [8364:8308:1010/150602.691:ERROR:persistent_memory_allocator.cc(908)] Corruption detected in shared-memory segment.
Oct 10, 2024 15:06:13.22 [8364:2380:1010/150613.226:ERROR:registration_request.cc(291)] Registration response error message: DEPRECATED_ENDPOINT
Oct 10, 2024 15:06:14.79 Created TensorFlow Lite XNNPACK delegate for CPU.
Oct 10, 2024 15:06:14.97 Attempting to use a delegate that only supports static-sized tensors with a graph that has dynamic-sized tensors (tensor#141 is a dynamic-sized tensor).
Oct 10, 2024 15:06:38.82 [8364:2380:1010/150638.827:ERROR:registration_request.cc(291)] Registration response error message: DEPRECATED_ENDPOINT
Oct 10, 2024 15:07:22.19 [8364:2380:1010/150722.190:ERROR:registration_request.cc(291)] Registration response error message: DEPRECATED_ENDPOINT
Oct 10, 2024 15:08:52.11 [8364:2380:1010/150852.111:ERROR:registration_request.cc(291)] Registration response error message: DEPRECATED_ENDPOINT
Oct 10, 2024 15:12:38.69 [8364:2380:1010/151238.696:ERROR:registration_request.cc(291)] Registration response error message: DEPRECATED_ENDPOINT
Oct 10, 2024 15:19:00.90 [8364:2380:1010/151900.907:ERROR:registration_request.cc(291)] Registration response error message: DEPRECATED_ENDPOINT
Oct 10, 2024 17:05:49.89 [8364:2380:1010/170549.896:ERROR:connection_factory_impl.cc(483)] ConnectionHandler failed with net error: -2
Oct 10, 2024 17:14:59.53 [8364:2380:1010/171459.530:ERROR:connection_factory_impl.cc(483)] ConnectionHandler failed with net error: -2
Oct 10, 2024 18:34:29.43 [8364:5696:1010/183429.431:ERROR:interface_endpoint_client.cc(725)] Message 1 rejected by interface blink.mojom.WidgetHost
